  Moc'ing UniversalItemDelegate.h...
  Moc'ing TableModel.h...
  Moc'ing Project.h...
  Moc'ing ParamItem.h...
  Moc'ing MainWindow.h...
  Moc'ing ItemWidget.h...
  Moc'ing InImgItem.h...
  Moc'ing ImageViewer.h...
  Moc'ing HoverEditTriggerListView.h...
  Rcc'ing imagedsp.qrc...
RCC : warning : No resources in 'C:\Users\student.DOMAIN\Desktop\RA210_2014\DSP\Projekat2\ImageDSP\build\vs2015\ImageDSP\ImageDSP\imagedsp.qrc'.
  
  Uic'ing ..\..\..\..\src\InImgItem.ui...
  Uic'ing ..\..\..\..\src\MainWindow.ui...
  Uic'ing ..\..\..\..\src\ParamItem.ui...
  ColorSpaces.cpp
..\..\..\..\src\ColorSpaces.cpp(1): warning C4067: unexpected tokens following preprocessor directive - expected a newline
  HoverEditTriggerListView.cpp
  ImageFIlter.cpp
  ImageInterpolation.cpp
  ImageProcessing.cpp
  ImageViewer.cpp
  InImgItem.cpp
  ItemWidget.cpp
  main.cpp
  MainWindow.cpp
  NoiseReduction.cpp
  ParamItem.cpp
  Project.cpp
  TableModel.cpp
  UniversalItemDelegate.cpp
  DCT.cpp
  NxNDCT.cpp
  moc_HoverEditTriggerListView.cpp
  moc_ImageViewer.cpp
  moc_InImgItem.cpp
  Generating Code...
  Compiling...
  moc_ItemWidget.cpp
  moc_MainWindow.cpp
  moc_ParamItem.cpp
  moc_Project.cpp
  moc_TableModel.cpp
  moc_UniversalItemDelegate.cpp
  Generating Code...
  qrc_imagedsp.cpp
  ImageDSP.vcxproj -> C:\Users\student.DOMAIN\Desktop\RA210_2014\DSP\Projekat2\ImageDSP\build\vs2015\ImageDSP\x64\Debug\ImageDSP.exe
  ImageDSP.vcxproj -> C:\Users\student.DOMAIN\Desktop\RA210_2014\DSP\Projekat2\ImageDSP\build\vs2015\ImageDSP\x64\Debug\ImageDSP.pdb (Full PDB)
